{
  "stats": {
    "suites": 1,
    "tests": 1,
    "passes": 1,
    "pending": 0,
    "failures": 0,
    "start": "2024-09-29T20:06:14.309Z",
    "end": "2024-09-29T20:06:22.284Z",
    "duration": 7975,
    "testsRegistered": 1,
    "passPercent": 100,
    "pendingPercent": 0,
    "other": 0,
    "hasOther": false,
    "skipped": 0,
    "hasSkipped": false
  },
  "results": [
    {
      "uuid": "04fb2804-dd19-461d-9e2c-a70b21d02e22",
      "title": "",
      "fullFile": "cypress\\e2e\\testAutomationExercise.cy.js",
      "file": "cypress\\e2e\\testAutomationExercise.cy.js",
      "beforeHooks": [],
      "afterHooks": [],
      "tests": [],
      "suites": [
        {
          "uuid": "8affd4c3-df04-401c-a57b-0ae2e12fe11b",
          "title": "E2E Test - Clothing Store",
          "fullFile": "",
          "file": "",
          "beforeHooks": [],
          "afterHooks": [],
          "tests": [
            {
              "title": "Validate add product to cart and proceed to checkout while not logged in",
              "fullTitle": "E2E Test - Clothing Store Validate add product to cart and proceed to checkout while not logged in",
              "timedOut": null,
              "duration": 7925,
              "state": "passed",
              "speed": "medium",
              "pass": true,
              "fail": false,
              "pending": false,
              "context": null,
              "code": "productPage.navigate('/');\nhomePage.goToProducts();\nproductPage.navigateToProductDetails(\"3\");\nproductDetailsPage.addToCart();\nproductDetailsPage.navigateToViewCart();\nviewCartPage.proceedToCheckout();\nregisterLoginComponent.getRegisterLoginModal().should('be.visible');",
              "err": {},
              "uuid": "ccf018be-2c2e-4df6-abd7-3e05e892b769",
              "parentUUID": "8affd4c3-df04-401c-a57b-0ae2e12fe11b",
              "isHook": false,
              "skipped": false
            }
          ],
          "suites": [],
          "passes": [
            "ccf018be-2c2e-4df6-abd7-3e05e892b769"
          ],
          "failures": [],
          "pending": [],
          "skipped": [],
          "duration": 7925,
          "root": false,
          "rootEmpty": false,
          "_timeout": 2000
        }
      ],
      "passes": [],
      "failures": [],
      "pending": [],
      "skipped": [],
      "duration": 0,
      "root": true,
      "rootEmpty": true,
      "_timeout": 2000
    }
  ],
  "meta": {
    "mocha": {
      "version": "7.0.1"
    },
    "mochawesome": {
      "options": {
        "quiet": false,
        "reportFilename": "mochawesome",
        "saveHtml": true,
        "saveJson": true,
        "consoleReporter": "spec",
        "useInlineDiffs": false,
        "code": true
      },
      "version": "7.1.3"
    },
    "marge": {
      "options": {
        "reportDir": "cypress/reports/mochawesome",
        "overwrite": false,
        "html": true,
        "json": true
      },
      "version": "6.2.0"
    }
  }
}